# JRE version: Java(TM) SE Runtime Environment (13.0.2+8) (build 13.0.2+8)
# Java VM: Java HotSpot(TM) 64-Bit Server VM (13.0.2+8, mixed mode, sharing, tiered, compressed oops, g1 gc, windows-amd64)
Heap:
 garbage-first heap   total 196608K, used 29762K [0x0000000741a00000, 0x0000000800000000)
  region size 1024K, 27 young (27648K), 7 survivors (7168K)
 Metaspace       used 20456K, capacity 21160K, committed 21248K, reserved 1067008K
  class space    used 2497K, capacity 2748K, committed 2816K, reserved 1048576K
GC Heap History (6 events):
Event: 0.627 GC heap before
{Heap before GC invocations=0 (full 0):
 garbage-first heap   total 196608K, used 24576K [0x0000000741a00000, 0x0000000800000000)
  region size 1024K, 24 young (24576K), 0 survivors (0K)
 Metaspace       used 4209K, capacity 6506K, committed 6656K, reserved 1056768K
  class space    used 450K, capacity 684K, committed 768K, reserved 1048576K
}
Event: 0.631 GC heap after
{Heap after GC invocations=1 (full 0):
 garbage-first heap   total 196608K, used 6459K [0x0000000741a00000, 0x0000000800000000)
  region size 1024K, 3 young (3072K), 3 survivors (3072K)
 Metaspace       used 4209K, capacity 6506K, committed 6656K, reserved 1056768K
  class space    used 450K, capacity 684K, committed 768K, reserved 1048576K
}
Event: 1.390 GC heap before
{Heap before GC invocations=1 (full 0):
 garbage-first heap   total 196608K, used 120123K [0x0000000741a00000, 0x0000000800000000)
  region size 1024K, 115 young (117760K), 3 survivors (3072K)
 Metaspace       used 14865K, capacity 15592K, committed 15872K, reserved 1062912K
  class space    used 1820K, capacity 1999K, committed 2048K, reserved 1048576K
}
Event: 1.395 GC heap after
{Heap after GC invocations=2 (full 0):
 garbage-first heap   total 196608K, used 9072K [0x0000000741a00000, 0x0000000800000000)
  region size 1024K, 6 young (6144K), 6 survivors (6144K)
 Metaspace       used 14865K, capacity 15592K, committed 15872K, reserved 1062912K
  class space    used 1820K, capacity 1999K, committed 2048K, reserved 1048576K
}
Event: 2.027 GC heap before
{Heap before GC invocations=2 (full 0):
 garbage-first heap   total 196608K, used 119664K [0x0000000741a00000, 0x0000000800000000)
  region size 1024K, 115 young (117760K), 6 survivors (6144K)
 Metaspace       used 17985K, capacity 18680K, committed 18816K, reserved 1064960K
  class space    used 2161K, capacity 2390K, committed 2432K, reserved 1048576K
}
Event: 2.034 GC heap after
{Heap after GC invocations=3 (full 0):
 garbage-first heap   total 196608K, used 10306K [0x0000000741a00000, 0x0000000800000000)
  region size 1024K, 7 young (7168K), 7 survivors (7168K)
 Metaspace       used 17985K, capacity 18680K, committed 18816K, reserved 1064960K
  class space    used 2161K, capacity 2390K, committed 2432K, reserved 1048576K
}

